Watching for file changes with StatReloader
Not Found: /favicon.ico
E:\IGI\beauty_center\bc_proj\clinic\views.py changed, reloading.
Watching for file changes with StatReloader
Watching for file changes with StatReloader
Watching for file changes with StatReloader
Watching for file changes with StatReloader
Not Found: /favicon.ico
E:\IGI\beauty_center\bc_proj\clinic\views.py changed, reloading.
Watching for file changes with StatReloader
E:\IGI\beauty_center\bc_proj\clinic\views.py changed, reloading.
Watching for file changes with StatReloader
Watching for file changes with StatReloader
Not Found: /favicon.ico
Internal Server Error: /clinic/update_promocode/4
Traceback (most recent call last):
  File "E:\IGI\beauty_center\venv\Lib\site-packages\django\views\generic\edit.py", line 123, in get_success_url
    url = self.object.get_absolute_url()
          ^^^^^^^^^^^^^^^^^^^^^^^^^^^^
AttributeError: 'PromoCodes' object has no attribute 'get_absolute_url'

During handling of the above exception, another exception occurred:

Traceback (most recent call last):
  File "E:\IGI\beauty_center\venv\Lib\site-packages\django\core\handlers\exception.py", line 55, in inner
    response = get_response(request)
               ^^^^^^^^^^^^^^^^^^^^^
  File "E:\IGI\beauty_center\venv\Lib\site-packages\django\core\handlers\base.py", line 197, in _get_response
    response = wrapped_callback(request, *callback_args, **callback_kwargs)
               ^^^^^^^^^^^^^^^^^^^^^^^^^^^^^^^^^^^^^^^^^^^^^^^^^^^^^^^^^^^^
  File "E:\IGI\beauty_center\venv\Lib\site-packages\django\views\generic\base.py", line 104, in view
    return self.dispatch(request, *args, **kwargs)
           ^^^^^^^^^^^^^^^^^^^^^^^^^^^^^^^^^^^^^^^
  File "E:\IGI\beauty_center\venv\Lib\site-packages\django\contrib\auth\mixins.py", line 135, in dispatch
    return super().dispatch(request, *args, **kwargs)
           ^^^^^^^^^^^^^^^^^^^^^^^^^^^^^^^^^^^^^^^^^^
  File "E:\IGI\beauty_center\venv\Lib\site-packages\django\views\generic\base.py", line 143, in dispatch
    return handler(request, *args, **kwargs)
           ^^^^^^^^^^^^^^^^^^^^^^^^^^^^^^^^^
  File "E:\IGI\beauty_center\venv\Lib\site-packages\django\views\generic\edit.py", line 206, in post
    return super().post(request, *args, **kwargs)
           ^^^^^^^^^^^^^^^^^^^^^^^^^^^^^^^^^^^^^^
  File "E:\IGI\beauty_center\venv\Lib\site-packages\django\views\generic\edit.py", line 151, in post
    return self.form_valid(form)
           ^^^^^^^^^^^^^^^^^^^^^
  File "E:\IGI\beauty_center\venv\Lib\site-packages\django\views\generic\edit.py", line 134, in form_valid
    return super().form_valid(form)
           ^^^^^^^^^^^^^^^^^^^^^^^^
  File "E:\IGI\beauty_center\venv\Lib\site-packages\django\views\generic\edit.py", line 63, in form_valid
    return HttpResponseRedirect(self.get_success_url())
                                ^^^^^^^^^^^^^^^^^^^^^^
  File "E:\IGI\beauty_center\venv\Lib\site-packages\django\views\generic\edit.py", line 125, in get_success_url
    raise ImproperlyConfigured(
django.core.exceptions.ImproperlyConfigured: No URL to redirect to.  Either provide a url or define a get_absolute_url method on the Model.
E:\IGI\beauty_center\bc_proj\clinic\views.py changed, reloading.
Watching for file changes with StatReloader
E:\IGI\beauty_center\bc_proj\clinic\views.py changed, reloading.
Watching for file changes with StatReloader
E:\IGI\beauty_center\bc_proj\clinic\forms.py changed, reloading.
Watching for file changes with StatReloader
E:\IGI\beauty_center\bc_proj\clinic\forms.py changed, reloading.
Watching for file changes with StatReloader
E:\IGI\beauty_center\bc_proj\clinic\forms.py changed, reloading.
Watching for file changes with StatReloader
E:\IGI\beauty_center\bc_proj\clinic\forms.py changed, reloading.
Watching for file changes with StatReloader
E:\IGI\beauty_center\bc_proj\clinic\views.py changed, reloading.
Watching for file changes with StatReloader
E:\IGI\beauty_center\bc_proj\clinic\urls.py changed, reloading.
Watching for file changes with StatReloader
E:\IGI\beauty_center\bc_proj\clinic\views.py changed, reloading.
Watching for file changes with StatReloader
E:\IGI\beauty_center\bc_proj\clinic\views.py changed, reloading.
Watching for file changes with StatReloader
Starting new HTTPS connection (1): newsapi.org:443
https://newsapi.org:443 "GET /v2/everything?q=cosmetology&apiKey=aabb6aa60cd64803ad49bcb76aec6ced HTTP/1.1" 200 None
Starting new HTTP connection (1): api.mymemory.translated.net:80
http://api.mymemory.translated.net:80 "GET /get?q=Breast+Implants+Market+Size+Is+Surpassing+USD+6.47+Billion+by+2033%2C+Growing+at+Projected+8%25+CAGR&langpair=en%7Cru HTTP/1.1" 301 134
Starting new HTTPS connection (1): api.mymemory.translated.net:443
https://api.mymemory.translated.net:443 "GET /get?q=Breast+Implants+Market+Size+Is+Surpassing+USD+6.47+Billion+by+2033%2C+Growing+at+Projected+8%25+CAGR&langpair=en%7Cru HTTP/1.1" 200 1982
Starting new HTTP connection (1): api.mymemory.translated.net:80
http://api.mymemory.translated.net:80 "GET /get?q=The+global+breast+implants+market+size+is+anticipated+to+grow+from+USD+3+billion+to+USD+6.47+billion+in+10+years.+The+market+will+experience+rapid+growth+of+cosmetic+clinics+and+providers+offering+breast+implant+surgeries+during+the+forecast+period.+The+globa%E2%80%A6&langpair=en%7Cru HTTP/1.1" 301 134
Starting new HTTPS connection (1): api.mymemory.translated.net:443
https://api.mymemory.translated.net:443 "GET /get?q=The+global+breast+implants+market+size+is+anticipated+to+grow+from+USD+3+billion+to+USD+6.47+billion+in+10+years.+The+market+will+experience+rapid+growth+of+cosmetic+clinics+and+providers+offering+breast+implant+surgeries+during+the+forecast+period.+The+globa%E2%80%A6&langpair=en%7Cru HTTP/1.1" 200 3521
Starting new HTTPS connection (1): newsapi.org:443
https://newsapi.org:443 "GET /v2/everything?q=cosmetology&apiKey=aabb6aa60cd64803ad49bcb76aec6ced HTTP/1.1" 200 None
Starting new HTTP connection (1): api.mymemory.translated.net:80
http://api.mymemory.translated.net:80 "GET /get?q=Dermabrasion+and+Microneedling+Market+Size+to+Grow+USD+684.4+Million+by+2031+at+a+CAGR+of+5.1%25+%7C+Valuates+Reports&langpair=en%7Cru HTTP/1.1" 301 134
Starting new HTTPS connection (1): api.mymemory.translated.net:443
https://api.mymemory.translated.net:443 "GET /get?q=Dermabrasion+and+Microneedling+Market+Size+to+Grow+USD+684.4+Million+by+2031+at+a+CAGR+of+5.1%25+%7C+Valuates+Reports&langpair=en%7Cru HTTP/1.1" 200 1681
Starting new HTTP connection (1): api.mymemory.translated.net:80
http://api.mymemory.translated.net:80 "GET /get?q=BANGALORE%2C+India%2C+April+30%2C+2024+%2FPRNewswire%2F+--+Dermabrasion+and+Microneedling+Market+is+Segmented+By+Procedure+%28Dermabrasion%2C+Microneedling%29%2C+By+Gender+%28Female%2C+Male%29%2C+By+Application+%28Scar%2C+Fine+line+and+Wrinkle%2C+Others%29%2C+By+End+User+%28Specialty+and+Dermatol%E2%80%A6&langpair=en%7Cru HTTP/1.1" 301 134
Starting new HTTPS connection (1): api.mymemory.translated.net:443
https://api.mymemory.translated.net:443 "GET /get?q=BANGALORE%2C+India%2C+April+30%2C+2024+%2FPRNewswire%2F+--+Dermabrasion+and+Microneedling+Market+is+Segmented+By+Procedure+%28Dermabrasion%2C+Microneedling%29%2C+By+Gender+%28Female%2C+Male%29%2C+By+Application+%28Scar%2C+Fine+line+and+Wrinkle%2C+Others%29%2C+By+End+User+%28Specialty+and+Dermatol%E2%80%A6&langpair=en%7Cru HTTP/1.1" 200 3237
Starting new HTTPS connection (1): newsapi.org:443
https://newsapi.org:443 "GET /v2/everything?q=cosmetology&apiKey=aabb6aa60cd64803ad49bcb76aec6ced HTTP/1.1" 200 None
Starting new HTTP connection (1): api.mymemory.translated.net:80
http://api.mymemory.translated.net:80 "GET /get?q=%E2%80%98Im+never+paying+%24300+to+get+my+hair+done+ever+again%E2%80%99%3A+Customer+says+she+got+a+haircut+and+highlights+for+only+%2490.+Here%E2%80%99s+how&langpair=en%7Cru HTTP/1.1" 301 134
Starting new HTTPS connection (1): api.mymemory.translated.net:443
https://api.mymemory.translated.net:443 "GET /get?q=%E2%80%98Im+never+paying+%24300+to+get+my+hair+done+ever+again%E2%80%99%3A+Customer+says+she+got+a+haircut+and+highlights+for+only+%2490.+Here%E2%80%99s+how&langpair=en%7Cru HTTP/1.1" 200 2175
Starting new HTTP connection (1): api.mymemory.translated.net:80
http://api.mymemory.translated.net:80 "GET /get?q=The+average+cut+and+color+can+cost+up+to+%24125%2C+but+is+the+expense+justifiable+these+days%3F+With+rising+living+costs%2C+everyone+is+tightening+their+belt+a+little+bit%2C+meaning+that+the+confidence+boost+of+a+new+%27do+is+a+luxury+not+everyone+can+afford.+But+in+a+ne%E2%80%A6&langpair=en%7Cru HTTP/1.1" 301 134
Starting new HTTPS connection (1): api.mymemory.translated.net:443
https://api.mymemory.translated.net:443 "GET /get?q=The+average+cut+and+color+can+cost+up+to+%24125%2C+but+is+the+expense+justifiable+these+days%3F+With+rising+living+costs%2C+everyone+is+tightening+their+belt+a+little+bit%2C+meaning+that+the+confidence+boost+of+a+new+%27do+is+a+luxury+not+everyone+can+afford.+But+in+a+ne%E2%80%A6&langpair=en%7Cru HTTP/1.1" 200 3395
Starting new HTTPS connection (1): newsapi.org:443
https://newsapi.org:443 "GET /v2/everything?q=cosmetology&apiKey=aabb6aa60cd64803ad49bcb76aec6ced HTTP/1.1" 200 None
Starting new HTTP connection (1): api.mymemory.translated.net:80
http://api.mymemory.translated.net:80 "GET /get?q=Tanasha+Donna+Calls+Out+Pastor+Kanyari+For+Criticizing+Her+Lip+Fillers+%E2%80%9CEducate+Yourselves+On+Cosmetology+Before+Yapping.%22&langpair=en%7Cru HTTP/1.1" 301 134
Starting new HTTPS connection (1): api.mymemory.translated.net:443
https://api.mymemory.translated.net:443 "GET /get?q=Tanasha+Donna+Calls+Out+Pastor+Kanyari+For+Criticizing+Her+Lip+Fillers+%E2%80%9CEducate+Yourselves+On+Cosmetology+Before+Yapping.%22&langpair=en%7Cru HTTP/1.1" 200 1896
Starting new HTTP connection (1): api.mymemory.translated.net:80
http://api.mymemory.translated.net:80 "GET /get?q=Tanasha+Donna+recently+got+lip+fillers+to+increase+the+volume+of+her+lips.+Many+fans+however+criticized+her+decision+since+at+first+the+lips+looked+swollen.&langpair=en%7Cru HTTP/1.1" 301 134
Starting new HTTPS connection (1): api.mymemory.translated.net:443
https://api.mymemory.translated.net:443 "GET /get?q=Tanasha+Donna+recently+got+lip+fillers+to+increase+the+volume+of+her+lips.+Many+fans+however+criticized+her+decision+since+at+first+the+lips+looked+swollen.&langpair=en%7Cru HTTP/1.1" 200 2394
Starting new HTTPS connection (1): newsapi.org:443
https://newsapi.org:443 "GET /v2/everything?q=cosmetology&apiKey=aabb6aa60cd64803ad49bcb76aec6ced HTTP/1.1" 200 None
Starting new HTTP connection (1): api.mymemory.translated.net:80
http://api.mymemory.translated.net:80 "GET /get?q=King+Charles%27+longtime+charity+celebrates+new+name+and+U.S.+expansion+at+New+York+gala&langpair=en%7Cru HTTP/1.1" 301 134
Starting new HTTPS connection (1): api.mymemory.translated.net:443
https://api.mymemory.translated.net:443 "GET /get?q=King+Charles%27+longtime+charity+celebrates+new+name+and+U.S.+expansion+at+New+York+gala&langpair=en%7Cru HTTP/1.1" 200 1826
Starting new HTTP connection (1): api.mymemory.translated.net:80
http://api.mymemory.translated.net:80 "GET /get?q=The+King%27s+Trust+celebrated+its+new+name%2C+an+update+of+King+Charles+III%27s+long-running+charity+The+Prince%27s+Trust%2C+and+the+expansion+of+its+work+in+the+United+States+with+a+star-studded+gala+in+New+York+City+on+Thursday+night.&langpair=en%7Cru HTTP/1.1" 301 134
Starting new HTTPS connection (1): api.mymemory.translated.net:443
https://api.mymemory.translated.net:443 "GET /get?q=The+King%27s+Trust+celebrated+its+new+name%2C+an+update+of+King+Charles+III%27s+long-running+charity+The+Prince%27s+Trust%2C+and+the+expansion+of+its+work+in+the+United+States+with+a+star-studded+gala+in+New+York+City+on+Thursday+night.&langpair=en%7Cru HTTP/1.1" 200 3146
Starting new HTTP connection (1): api.mymemory.translated.net:80
http://api.mymemory.translated.net:80 "GET /get?q=Texas+High+School+Teacher+Allegedly+Targeted+Vulnerable+Students+to+Build+%C2%A0%E2%80%98Prostitution+Enterprise%E2%80%99&langpair=en%7Cru HTTP/1.1" 301 134
Starting new HTTPS connection (1): api.mymemory.translated.net:443
https://api.mymemory.translated.net:443 "GET /get?q=Texas+High+School+Teacher+Allegedly+Targeted+Vulnerable+Students+to+Build+%C2%A0%E2%80%98Prostitution+Enterprise%E2%80%99&langpair=en%7Cru HTTP/1.1" 200 1957
Starting new HTTP connection (1): api.mymemory.translated.net:80
http://api.mymemory.translated.net:80 "GET /get?q=A+high+school+teacher+in+Texas+has+been+arrested+and+accused+of+child+sex+trafficking.%0AThe+post+Texas+High+School+Teacher+Allegedly+Targeted+Vulnerable+Students+to+Build+%C2%A0%E2%80%98Prostitution+Enterprise%E2%80%99+appeared+first+on+The+Gateway+Pundit.&langpair=en%7Cru HTTP/1.1" 301 134
Starting new HTTPS connection (1): api.mymemory.translated.net:443
https://api.mymemory.translated.net:443 "GET /get?q=A+high+school+teacher+in+Texas+has+been+arrested+and+accused+of+child+sex+trafficking.%0AThe+post+Texas+High+School+Teacher+Allegedly+Targeted+Vulnerable+Students+to+Build+%C2%A0%E2%80%98Prostitution+Enterprise%E2%80%99+appeared+first+on+The+Gateway+Pundit.&langpair=en%7Cru HTTP/1.1" 200 3136
Starting new HTTP connection (1): api.mymemory.translated.net:80
http://api.mymemory.translated.net:80 "GET /get?q=Lincoln+Educational+Services+%28NASDAQ%3ALINC%29+Receives+%E2%80%9CBuy%E2%80%9D+Rating+from+Rosenblatt+Securities&langpair=en%7Cru HTTP/1.1" 301 134
Starting new HTTPS connection (1): api.mymemory.translated.net:443
https://api.mymemory.translated.net:443 "GET /get?q=Lincoln+Educational+Services+%28NASDAQ%3ALINC%29+Receives+%E2%80%9CBuy%E2%80%9D+Rating+from+Rosenblatt+Securities&langpair=en%7Cru HTTP/1.1" 200 1055
Starting new HTTP connection (1): api.mymemory.translated.net:80
http://api.mymemory.translated.net:80 "GET /get?q=Rosenblatt+Securities+restated+their+buy+rating+on+shares+of+Lincoln+Educational+Services+%28NASDAQ%3ALINC+%E2%80%93+Free+Report%29+in+a+research+report+report+published+on+Monday%2C+Benzinga+reports.+The+firm+currently+has+a+%2413.50+price+target+on+the+stock.+Other+analysts+%E2%80%A6&langpair=en%7Cru HTTP/1.1" 301 134
Starting new HTTPS connection (1): api.mymemory.translated.net:443
https://api.mymemory.translated.net:443 "GET /get?q=Rosenblatt+Securities+restated+their+buy+rating+on+shares+of+Lincoln+Educational+Services+%28NASDAQ%3ALINC+%E2%80%93+Free+Report%29+in+a+research+report+report+published+on+Monday%2C+Benzinga+reports.+The+firm+currently+has+a+%2413.50+price+target+on+the+stock.+Other+analysts+%E2%80%A6&langpair=en%7Cru HTTP/1.1" 200 2808
Starting new HTTP connection (1): api.mymemory.translated.net:80
http://api.mymemory.translated.net:80 "GET /get?q=Meiwu+Technology+%3A+Appointment+of+Certain+Officers+and+Directors+-+Form+6-K&langpair=en%7Cru HTTP/1.1" 301 134
Starting new HTTPS connection (1): api.mymemory.translated.net:443
https://api.mymemory.translated.net:443 "GET /get?q=Meiwu+Technology+%3A+Appointment+of+Certain+Officers+and+Directors+-+Form+6-K&langpair=en%7Cru HTTP/1.1" 200 2382
Starting new HTTP connection (1): api.mymemory.translated.net:80
http://api.mymemory.translated.net:80 "GET /get?q=%28marketscreener.com%29+%0A+%0A+%0A+UNITED+STATES%0A+%0A+%0A+SECURITIES+AND+EXCHANGE+COMMISSION%0A+%0A+%0A+Washington%2C+D.C.+20549%0A+%0A+%0A+%0A+Form+6-K%0A+%0A+%0A+%0A+REPORT+OF+FOREIGN+PRIVATE+ISSUER+PURSUANT+TO+RULE+13a-16+OR+15d-16%0A+%0A+%0A+UNDER+THE+SECURITIES+EXCHANGE+ACT+OF+1934%0A+%0A+%0A+%0A+For+th%E2%80%A6&langpair=en%7Cru HTTP/1.1" 301 134
Starting new HTTPS connection (1): api.mymemory.translated.net:443
https://api.mymemory.translated.net:443 "GET /get?q=%28marketscreener.com%29+%0A+%0A+%0A+UNITED+STATES%0A+%0A+%0A+SECURITIES+AND+EXCHANGE+COMMISSION%0A+%0A+%0A+Washington%2C+D.C.+20549%0A+%0A+%0A+%0A+Form+6-K%0A+%0A+%0A+%0A+REPORT+OF+FOREIGN+PRIVATE+ISSUER+PURSUANT+TO+RULE+13a-16+OR+15d-16%0A+%0A+%0A+UNDER+THE+SECURITIES+EXCHANGE+ACT+OF+1934%0A+%0A+%0A+%0A+For+th%E2%80%A6&langpair=en%7Cru HTTP/1.1" 200 3005
Starting new HTTP connection (1): api.mymemory.translated.net:80
http://api.mymemory.translated.net:80 "GET /get?q=The+dorsal+side+of+your+hand%2C+shows+aging+signs%2C+new+study+finds&langpair=en%7Cru HTTP/1.1" 301 134
Starting new HTTPS connection (1): api.mymemory.translated.net:443
https://api.mymemory.translated.net:443 "GET /get?q=The+dorsal+side+of+your+hand%2C+shows+aging+signs%2C+new+study+finds&langpair=en%7Cru HTTP/1.1" 200 3030
Starting new HTTP connection (1): api.mymemory.translated.net:80
http://api.mymemory.translated.net:80 "GET /get?q=Since+visual+estimation+can+be+highly+inaccurate%2C+the+indisputable+importance+of+these+markers+is+explained+by+their+great+practical+value+as+a+target+for+the+cosmetology+and+cosmetics+industry.&langpair=en%7Cru HTTP/1.1" 301 134
Starting new HTTPS connection (1): api.mymemory.translated.net:443
https://api.mymemory.translated.net:443 "GET /get?q=Since+visual+estimation+can+be+highly+inaccurate%2C+the+indisputable+importance+of+these+markers+is+explained+by+their+great+practical+value+as+a+target+for+the+cosmetology+and+cosmetics+industry.&langpair=en%7Cru HTTP/1.1" 200 2860
Starting new HTTP connection (1): api.mymemory.translated.net:80
http://api.mymemory.translated.net:80 "GET /get?q=Carnahan%3A+Maliaya+Roundtree&langpair=en%7Cru HTTP/1.1" 301 134
Starting new HTTPS connection (1): api.mymemory.translated.net:443
https://api.mymemory.translated.net:443 "GET /get?q=Carnahan%3A+Maliaya+Roundtree&langpair=en%7Cru HTTP/1.1" 200 575
Starting new HTTP connection (1): api.mymemory.translated.net:80
http://api.mymemory.translated.net:80 "GET /get?q=Academic+rank%3A+9.&langpair=en%7Cru HTTP/1.1" 301 134
Starting new HTTPS connection (1): api.mymemory.translated.net:443
https://api.mymemory.translated.net:443 "GET /get?q=Academic+rank%3A+9.&langpair=en%7Cru HTTP/1.1" 200 1436
Starting new HTTPS connection (1): newsapi.org:443
https://newsapi.org:443 "GET /v2/everything?q=cosmetology&apiKey=aabb6aa60cd64803ad49bcb76aec6ced HTTP/1.1" 200 None
Starting new HTTP connection (1): api.mymemory.translated.net:80
http://api.mymemory.translated.net:80 "GET /get?q=Hollywood+Still+Needs+To+Do+Better+When+It+Comes+To+Black+Hair+Care&langpair=en%7Cru HTTP/1.1" 301 134
Starting new HTTPS connection (1): api.mymemory.translated.net:443
https://api.mymemory.translated.net:443 "GET /get?q=Hollywood+Still+Needs+To+Do+Better+When+It+Comes+To+Black+Hair+Care&langpair=en%7Cru HTTP/1.1" 200 2952
Starting new HTTP connection (1): api.mymemory.translated.net:80
http://api.mymemory.translated.net:80 "GET /get?q=One+month+before+the+record-breaking+release+of+her+album%2C+Cowboy+Carter%2C+Beyonc%C3%A9+released+her+new+hair+care+line+for+Black+women+called+C%C3%A9cred+%28pronounced+%22sacred%22%29%2C+which+has+received+mostly+positive+reviews+from+both+critics+and+customers.+In+one+of+her...%E2%80%A6&langpair=en%7Cru HTTP/1.1" 301 134
Starting new HTTPS connection (1): api.mymemory.translated.net:443
https://api.mymemory.translated.net:443 "GET /get?q=One+month+before+the+record-breaking+release+of+her+album%2C+Cowboy+Carter%2C+Beyonc%C3%A9+released+her+new+hair+care+line+for+Black+women+called+C%C3%A9cred+%28pronounced+%22sacred%22%29%2C+which+has+received+mostly+positive+reviews+from+both+critics+and+customers.+In+one+of+her...%E2%80%A6&langpair=en%7Cru HTTP/1.1" 200 3601
Starting new HTTP connection (1): api.mymemory.translated.net:80
http://api.mymemory.translated.net:80 "GET /get?q=Kansas+state+senator+Beverly+Gossage+%28R%29+tries+to+arouse+her+colleagues+into+overriding+a+veto+from+the+governor+that+would+have+relaxed+regulations+on+pubic+hair+removal.+She+withdrew+after+barely+getting+any+response+%5BWeird%5D&langpair=en%7Cru HTTP/1.1" 301 134
Starting new HTTPS connection (1): api.mymemory.translated.net:443
https://api.mymemory.translated.net:443 "GET /get?q=Kansas+state+senator+Beverly+Gossage+%28R%29+tries+to+arouse+her+colleagues+into+overriding+a+veto+from+the+governor+that+would+have+relaxed+regulations+on+pubic+hair+removal.+She+withdrew+after+barely+getting+any+response+%5BWeird%5D&langpair=en%7Cru HTTP/1.1" 200 2684
Starting new HTTP connection (1): api.mymemory.translated.net:80
http://api.mymemory.translated.net:80 "GET /get?q=Kansas+state+senator+Beverly+Gossage+%28R%29+tries+to+arouse+her+colleagues+into+overriding+a+veto+from+the+governor+that+would+have+relaxed+regulations+on+pubic+hair+removal.+She+withdrew+after+barely+getting+any+response&langpair=en%7Cru HTTP/1.1" 301 134
Starting new HTTPS connection (1): api.mymemory.translated.net:443
https://api.mymemory.translated.net:443 "GET /get?q=Kansas+state+senator+Beverly+Gossage+%28R%29+tries+to+arouse+her+colleagues+into+overriding+a+veto+from+the+governor+that+would+have+relaxed+regulations+on+pubic+hair+removal.+She+withdrew+after+barely+getting+any+response&langpair=en%7Cru HTTP/1.1" 200 2586
Starting new HTTP connection (1): api.mymemory.translated.net:80
http://api.mymemory.translated.net:80 "GET /get?q=GREG+GUTFELD%3A+Dems+hate+Trump+so+much+that+they%27re+willing+to+destroy+the+legal+system&langpair=en%7Cru HTTP/1.1" 301 134
Starting new HTTPS connection (1): api.mymemory.translated.net:443
https://api.mymemory.translated.net:443 "GET /get?q=GREG+GUTFELD%3A+Dems+hate+Trump+so+much+that+they%27re+willing+to+destroy+the+legal+system&langpair=en%7Cru HTTP/1.1" 200 2798
Starting new HTTP connection (1): api.mymemory.translated.net:80
http://api.mymemory.translated.net:80 "GET /get?q=%22Gutfeld%21%22+panelists+react+to+former+President+Trump%27s+hush+money+trial+in+New+York+and+how+it+could+impact+his+popularity+in+the+presidential+election.&langpair=en%7Cru HTTP/1.1" 301 134
Starting new HTTPS connection (1): api.mymemory.translated.net:443
https://api.mymemory.translated.net:443 "GET /get?q=%22Gutfeld%21%22+panelists+react+to+former+President+Trump%27s+hush+money+trial+in+New+York+and+how+it+could+impact+his+popularity+in+the+presidential+election.&langpair=en%7Cru HTTP/1.1" 200 2396
Starting new HTTPS connection (1): newsapi.org:443
https://newsapi.org:443 "GET /v2/everything?q=cosmetology&apiKey=aabb6aa60cd64803ad49bcb76aec6ced HTTP/1.1" 200 None
Starting new HTTP connection (1): api.mymemory.translated.net:80
http://api.mymemory.translated.net:80 "GET /get?q=UVa+suspends+2+frats%2C+terminates+another+one+entirely+after+hazing+allegations&langpair=en%7Cru HTTP/1.1" 301 134
Starting new HTTPS connection (1): api.mymemory.translated.net:443
https://api.mymemory.translated.net:443 "GET /get?q=UVa+suspends+2+frats%2C+terminates+another+one+entirely+after+hazing+allegations&langpair=en%7Cru HTTP/1.1" 200 1406
Starting new HTTP connection (1): api.mymemory.translated.net:80
http://api.mymemory.translated.net:80 "GET /get?q=Pi+Kappa+Alpha+national+leadership+has+announced+it+will+be+pursuing+civil+litigation+against+certain+UVa+brothers+connected+to+%22the+confirmed+abhorrent+and+detestable+hazing+activities.%22&langpair=en%7Cru HTTP/1.1" 301 134
Starting new HTTPS connection (1): api.mymemory.translated.net:443
https://api.mymemory.translated.net:443 "GET /get?q=Pi+Kappa+Alpha+national+leadership+has+announced+it+will+be+pursuing+civil+litigation+against+certain+UVa+brothers+connected+to+%22the+confirmed+abhorrent+and+detestable+hazing+activities.%22&langpair=en%7Cru HTTP/1.1" 200 2591
Starting new HTTPS connection (1): newsapi.org:443
https://newsapi.org:443 "GET /v2/everything?q=cosmetology&apiKey=aabb6aa60cd64803ad49bcb76aec6ced HTTP/1.1" 200 None
Starting new HTTP connection (1): api.mymemory.translated.net:80
http://api.mymemory.translated.net:80 "GET /get?q=Beyonc%C3%A9+Makes+Big+Investment+In+Black+Hair+Schools+with+C%C3%A9cred+x+BeyGOOD+Fund&langpair=en%7Cru HTTP/1.1" 301 134
Starting new HTTPS connection (1): api.mymemory.translated.net:443
https://api.mymemory.translated.net:443 "GET /get?q=Beyonc%C3%A9+Makes+Big+Investment+In+Black+Hair+Schools+with+C%C3%A9cred+x+BeyGOOD+Fund&langpair=en%7Cru HTTP/1.1" 200 1227
Starting new HTTP connection (1): api.mymemory.translated.net:80
http://api.mymemory.translated.net:80 "GET /get?q=Beyonc%C3%A9+is+once+again+paying+homage+to+her+roots+in+a+big+way%2C+this+time+she%E2%80%99s+honoring+the+craft+that+helped+her+mother+pave+her+way%E2%80%93cosmetology.+Through+her+C%C3%A9cred+x+BeyGOOD+Student+Scholarships+initiative%2C+Beyonc%C3%A9+will+contribute+%24500%2C000+to+five+Black+hai%E2%80%A6&langpair=en%7Cru HTTP/1.1" 301 134
Starting new HTTPS connection (1): api.mymemory.translated.net:443
https://api.mymemory.translated.net:443 "GET /get?q=Beyonc%C3%A9+is+once+again+paying+homage+to+her+roots+in+a+big+way%2C+this+time+she%E2%80%99s+honoring+the+craft+that+helped+her+mother+pave+her+way%E2%80%93cosmetology.+Through+her+C%C3%A9cred+x+BeyGOOD+Student+Scholarships+initiative%2C+Beyonc%C3%A9+will+contribute+%24500%2C000+to+five+Black+hai%E2%80%A6&langpair=en%7Cru HTTP/1.1" 200 3320
Starting new HTTP connection (1): api.mymemory.translated.net:80
http://api.mymemory.translated.net:80 "GET /get?q=Midwest+Technical+Institute+announces+2024+High+School+Welding+Competition+winners&langpair=en%7Cru HTTP/1.1" 301 134
Starting new HTTPS connection (1): api.mymemory.translated.net:443
https://api.mymemory.translated.net:443 "GET /get?q=Midwest+Technical+Institute+announces+2024+High+School+Welding+Competition+winners&langpair=en%7Cru HTTP/1.1" 200 1736
Starting new HTTP connection (1): api.mymemory.translated.net:80
http://api.mymemory.translated.net:80 "GET /get?q=High+school+students+take+home+over+%2435%2C000+in+scholarships+High+school+students+take+home+over+%2435%2C000+in+scholarships&langpair=en%7Cru HTTP/1.1" 301 134
Starting new HTTPS connection (1): api.mymemory.translated.net:443
https://api.mymemory.translated.net:443 "GET /get?q=High+school+students+take+home+over+%2435%2C000+in+scholarships+High+school+students+take+home+over+%2435%2C000+in+scholarships&langpair=en%7Cru HTTP/1.1" 200 1991
Starting new HTTPS connection (1): newsapi.org:443
https://newsapi.org:443 "GET /v2/everything?q=cosmetology&apiKey=aabb6aa60cd64803ad49bcb76aec6ced HTTP/1.1" 200 None
Starting new HTTP connection (1): api.mymemory.translated.net:80
http://api.mymemory.translated.net:80 "GET /get?q=King+Charles%27+longtime+charity+celebrates+new+name+and+U.S.+expansion+at+New+York+gala&langpair=en%7Cru HTTP/1.1" 301 134
Starting new HTTPS connection (1): api.mymemory.translated.net:443
https://api.mymemory.translated.net:443 "GET /get?q=King+Charles%27+longtime+charity+celebrates+new+name+and+U.S.+expansion+at+New+York+gala&langpair=en%7Cru HTTP/1.1" 200 1826
Starting new HTTP connection (1): api.mymemory.translated.net:80
http://api.mymemory.translated.net:80 "GET /get?q=The+King%E2%80%99s+Trust+has+celebrated+its+new+name%2C+an+update+of+King+Charles+III%E2%80%99s+long-running+charity+The+Prince%E2%80%99s+Trust&langpair=en%7Cru HTTP/1.1" 301 134
Starting new HTTPS connection (1): api.mymemory.translated.net:443
https://api.mymemory.translated.net:443 "GET /get?q=The+King%E2%80%99s+Trust+has+celebrated+its+new+name%2C+an+update+of+King+Charles+III%E2%80%99s+long-running+charity+The+Prince%E2%80%99s+Trust&langpair=en%7Cru HTTP/1.1" 200 1798
Starting new HTTPS connection (1): newsapi.org:443
https://newsapi.org:443 "GET /v2/everything?q=cosmetology&apiKey=aabb6aa60cd64803ad49bcb76aec6ced HTTP/1.1" 200 None
Starting new HTTP connection (1): api.mymemory.translated.net:80
http://api.mymemory.translated.net:80 "GET /get?q=King+Charles%27+longtime+charity+celebrates+new+name+and+U.S.+expansion+at+New+York+gala&langpair=en%7Cru HTTP/1.1" 301 134
Starting new HTTPS connection (1): api.mymemory.translated.net:443
https://api.mymemory.translated.net:443 "GET /get?q=King+Charles%27+longtime+charity+celebrates+new+name+and+U.S.+expansion+at+New+York+gala&langpair=en%7Cru HTTP/1.1" 200 1826
Starting new HTTP connection (1): api.mymemory.translated.net:80
http://api.mymemory.translated.net:80 "GET /get?q=The+King%E2%80%99s+Trust+has+celebrated+its+new+name%2C+an+update+of+King+Charles+III%E2%80%99s+long-running+charity+The+Prince%E2%80%99s+Trust&langpair=en%7Cru HTTP/1.1" 301 134
Starting new HTTPS connection (1): api.mymemory.translated.net:443
https://api.mymemory.translated.net:443 "GET /get?q=The+King%E2%80%99s+Trust+has+celebrated+its+new+name%2C+an+update+of+King+Charles+III%E2%80%99s+long-running+charity+The+Prince%E2%80%99s+Trust&langpair=en%7Cru HTTP/1.1" 200 1798
Starting new HTTPS connection (1): newsapi.org:443
https://newsapi.org:443 "GET /v2/everything?q=cosmetology&apiKey=aabb6aa60cd64803ad49bcb76aec6ced HTTP/1.1" 200 None
Starting new HTTP connection (1): api.mymemory.translated.net:80
http://api.mymemory.translated.net:80 "GET /get?q=Lincoln+Educational+Services+Co.+%28NASDAQ%3ALINC%29+Shares+Bought+by+SG+Americas+Securities+LLC&langpair=en%7Cru HTTP/1.1" 301 134
Starting new HTTPS connection (1): api.mymemory.translated.net:443
https://api.mymemory.translated.net:443 "GET /get?q=Lincoln+Educational+Services+Co.+%28NASDAQ%3ALINC%29+Shares+Bought+by+SG+Americas+Securities+LLC&langpair=en%7Cru HTTP/1.1" 200 928
Starting new HTTP connection (1): api.mymemory.translated.net:80
http://api.mymemory.translated.net:80 "GET /get?q=SG+Americas+Securities+LLC+boosted+its+holdings+in+shares+of+Lincoln+Educational+Services+Co.+%28NASDAQ%3ALINC+%E2%80%93+Free+Report%29+by+31.1%25+in+the+fourth+quarter%2C+according+to+its+most+recent+disclosure+with+the+Securities+and+Exchange+Commission+%28SEC%29.+The+firm+owned%E2%80%A6&langpair=en%7Cru HTTP/1.1" 301 134
Starting new HTTPS connection (1): api.mymemory.translated.net:443
https://api.mymemory.translated.net:443 "GET /get?q=SG+Americas+Securities+LLC+boosted+its+holdings+in+shares+of+Lincoln+Educational+Services+Co.+%28NASDAQ%3ALINC+%E2%80%93+Free+Report%29+by+31.1%25+in+the+fourth+quarter%2C+according+to+its+most+recent+disclosure+with+the+Securities+and+Exchange+Commission+%28SEC%29.+The+firm+owned%E2%80%A6&langpair=en%7Cru HTTP/1.1" 200 2514
Starting new HTTP connection (1): api.mymemory.translated.net:80
http://api.mymemory.translated.net:80 "GET /get?q=Datasea+Secures+Combined+%2415+Million+with+its+Second+Sales+Contract+for+Acoustic+Products&langpair=en%7Cru HTTP/1.1" 301 134
Starting new HTTPS connection (1): api.mymemory.translated.net:443
https://api.mymemory.translated.net:443 "GET /get?q=Datasea+Secures+Combined+%2415+Million+with+its+Second+Sales+Contract+for+Acoustic+Products&langpair=en%7Cru HTTP/1.1" 200 1601
Starting new HTTP connection (1): api.mymemory.translated.net:80
http://api.mymemory.translated.net:80 "GET /get?q=%28marketscreener.com%29+%0A%0ABEIJING%2C+April+17%2C+2024+%2FPRNewswire%2F+--%C2%A0Datasea+Inc.+%2C+a+digital+technology+company+incorporated+in+Nevada%2C+dedicated+to+innovative+business+in+acoustic+high+tech+and+5G-Artificial+Intelligence+multimodal+communication+technology+in+the%E2%80%A6&langpair=en%7Cru HTTP/1.1" 301 134
Starting new HTTPS connection (1): api.mymemory.translated.net:443
https://api.mymemory.translated.net:443 "GET /get?q=%28marketscreener.com%29+%0A%0ABEIJING%2C+April+17%2C+2024+%2FPRNewswire%2F+--%C2%A0Datasea+Inc.+%2C+a+digital+technology+company+incorporated+in+Nevada%2C+dedicated+to+innovative+business+in+acoustic+high+tech+and+5G-Artificial+Intelligence+multimodal+communication+technology+in+the%E2%80%A6&langpair=en%7Cru HTTP/1.1" 200 3276
Starting new HTTP connection (1): api.mymemory.translated.net:80
http://api.mymemory.translated.net:80 "GET /get?q=Beyonc%C3%A9+Makes+Big+Investment+In+Black+Hair+Schools+with+C%C3%A9cred+x+BeyGOOD+Fund&langpair=en%7Cru HTTP/1.1" 301 134
Starting new HTTPS connection (1): api.mymemory.translated.net:443
https://api.mymemory.translated.net:443 "GET /get?q=Beyonc%C3%A9+Makes+Big+Investment+In+Black+Hair+Schools+with+C%C3%A9cred+x+BeyGOOD+Fund&langpair=en%7Cru HTTP/1.1" 200 1227
Starting new HTTP connection (1): api.mymemory.translated.net:80
http://api.mymemory.translated.net:80 "GET /get?q=Beyonc%C3%A9+is+once+again+paying+homage+to+her+roots+in+a+big+way%2C+this+time+she%E2%80%99s+honoring+the+craft+that+helped+her+mother+pave+her+way%E2%80%93cosmetology.+Through+her+C%C3%A9cred+x+BeyGOOD+Student+Scholarships+initiative%2C+Beyonc%C3%A9+will+contribute+%24500%2C000+to+five+Black+hai%E2%80%A6&langpair=en%7Cru HTTP/1.1" 301 134
Starting new HTTPS connection (1): api.mymemory.translated.net:443
https://api.mymemory.translated.net:443 "GET /get?q=Beyonc%C3%A9+is+once+again+paying+homage+to+her+roots+in+a+big+way%2C+this+time+she%E2%80%99s+honoring+the+craft+that+helped+her+mother+pave+her+way%E2%80%93cosmetology.+Through+her+C%C3%A9cred+x+BeyGOOD+Student+Scholarships+initiative%2C+Beyonc%C3%A9+will+contribute+%24500%2C000+to+five+Black+hai%E2%80%A6&langpair=en%7Cru HTTP/1.1" 200 3320
Starting new HTTP connection (1): api.mymemory.translated.net:80
http://api.mymemory.translated.net:80 "GET /get?q=Does+college+pay+off%3F+For+many%2C+it+only+takes+a+few+years%2C+study+says.&langpair=en%7Cru HTTP/1.1" 301 134
Starting new HTTPS connection (1): api.mymemory.translated.net:443
https://api.mymemory.translated.net:443 "GET /get?q=Does+college+pay+off%3F+For+many%2C+it+only+takes+a+few+years%2C+study+says.&langpair=en%7Cru HTTP/1.1" 200 2440
Starting new HTTP connection (1): api.mymemory.translated.net:80
http://api.mymemory.translated.net:80 "GET /get?q=A+new+study+of+low-+and+moderate-income+students+in+California+finds+that+most+recoup+their+educational+costs+after+only+a+few+years.&langpair=en%7Cru HTTP/1.1" 301 134
Starting new HTTPS connection (1): api.mymemory.translated.net:443
https://api.mymemory.translated.net:443 "GET /get?q=A+new+study+of+low-+and+moderate-income+students+in+California+finds+that+most+recoup+their+educational+costs+after+only+a+few+years.&langpair=en%7Cru HTTP/1.1" 200 2419
Starting new HTTPS connection (1): newsapi.org:443
https://newsapi.org:443 "GET /v2/everything?q=cosmetology&apiKey=aabb6aa60cd64803ad49bcb76aec6ced HTTP/1.1" 200 None
Starting new HTTP connection (1): api.mymemory.translated.net:80
http://api.mymemory.translated.net:80 "GET /get?q=King+Charles%27+longtime+charity+celebrates+new+name+and+U.S.+expansion+at+New+York+gala&langpair=en%7Cru HTTP/1.1" 301 134
Starting new HTTPS connection (1): api.mymemory.translated.net:443
https://api.mymemory.translated.net:443 "GET /get?q=King+Charles%27+longtime+charity+celebrates+new+name+and+U.S.+expansion+at+New+York+gala&langpair=en%7Cru HTTP/1.1" 200 1826
Starting new HTTP connection (1): api.mymemory.translated.net:80
http://api.mymemory.translated.net:80 "GET /get?q=The+King%E2%80%99s+Trust+has+celebrated+its+new+name%2C+an+update+of+King+Charles+III%E2%80%99s+long-running+charity+The+Prince%E2%80%99s+Trust&langpair=en%7Cru HTTP/1.1" 301 134
Starting new HTTPS connection (1): api.mymemory.translated.net:443
https://api.mymemory.translated.net:443 "GET /get?q=The+King%E2%80%99s+Trust+has+celebrated+its+new+name%2C+an+update+of+King+Charles+III%E2%80%99s+long-running+charity+The+Prince%E2%80%99s+Trust&langpair=en%7Cru HTTP/1.1" 200 1798
Starting new HTTPS connection (1): newsapi.org:443
https://newsapi.org:443 "GET /v2/everything?q=cosmetology&apiKey=aabb6aa60cd64803ad49bcb76aec6ced HTTP/1.1" 200 None
Starting new HTTP connection (1): api.mymemory.translated.net:80
http://api.mymemory.translated.net:80 "GET /get?q=King+Charles%E2%80%99+longtime+charity+celebrates+new+name+and+US+expansion+at+New+York+gala&langpair=en%7Cru HTTP/1.1" 301 134
Starting new HTTPS connection (1): api.mymemory.translated.net:443
https://api.mymemory.translated.net:443 "GET /get?q=King+Charles%E2%80%99+longtime+charity+celebrates+new+name+and+US+expansion+at+New+York+gala&langpair=en%7Cru HTTP/1.1" 200 1829
Starting new HTTP connection (1): api.mymemory.translated.net:80
http://api.mymemory.translated.net:80 "GET /get?q=The+King%E2%80%99s+Trust+celebrated+its+new+name%2C+an+update+of+King+Charles+III%E2%80%99s+long-running+charity+The+Prince%E2%80%99s+Trust%2C+and+the+expansion+of+its+work+in+the+United+States+with+a+star-studded+gala+in+New+York+City+on+Thursday+night.&langpair=en%7Cru HTTP/1.1" 301 134
Starting new HTTPS connection (1): api.mymemory.translated.net:443
https://api.mymemory.translated.net:443 "GET /get?q=The+King%E2%80%99s+Trust+celebrated+its+new+name%2C+an+update+of+King+Charles+III%E2%80%99s+long-running+charity+The+Prince%E2%80%99s+Trust%2C+and+the+expansion+of+its+work+in+the+United+States+with+a+star-studded+gala+in+New+York+City+on+Thursday+night.&langpair=en%7Cru HTTP/1.1" 200 3161
Starting new HTTPS connection (1): newsapi.org:443
https://newsapi.org:443 "GET /v2/everything?q=cosmetology&apiKey=aabb6aa60cd64803ad49bcb76aec6ced HTTP/1.1" 200 None
Starting new HTTP connection (1): api.mymemory.translated.net:80
http://api.mymemory.translated.net:80 "GET /get?q=Tanasha+Donna+Calls+Out+Pastor+Kanyari+For+Criticizing+Her+Lip+Fillers+%E2%80%9CEducate+Yourselves+On+Cosmetology+Before+Yapping.%22&langpair=en%7Cru HTTP/1.1" 301 134
Starting new HTTPS connection (1): api.mymemory.translated.net:443
https://api.mymemory.translated.net:443 "GET /get?q=Tanasha+Donna+Calls+Out+Pastor+Kanyari+For+Criticizing+Her+Lip+Fillers+%E2%80%9CEducate+Yourselves+On+Cosmetology+Before+Yapping.%22&langpair=en%7Cru HTTP/1.1" 200 1896
Starting new HTTP connection (1): api.mymemory.translated.net:80
http://api.mymemory.translated.net:80 "GET /get?q=Tanasha+Donna+recently+got+lip+fillers+to+increase+the+volume+of+her+lips.+Many+fans+however+criticized+her+decision+since+at+first+the+lips+looked+swollen.&langpair=en%7Cru HTTP/1.1" 301 134
Starting new HTTPS connection (1): api.mymemory.translated.net:443
https://api.mymemory.translated.net:443 "GET /get?q=Tanasha+Donna+recently+got+lip+fillers+to+increase+the+volume+of+her+lips.+Many+fans+however+criticized+her+decision+since+at+first+the+lips+looked+swollen.&langpair=en%7Cru HTTP/1.1" 200 2394
